{
  "stats": {
    "suites": 1,
    "tests": 2,
    "passes": 0,
    "pending": 0,
    "failures": 2,
    "start": "2024-03-27T20:52:56.178Z",
    "end": "2024-03-27T20:53:21.881Z",
    "duration": 25703,
    "testsRegistered": 2,
    "passPercent": 0,
    "pendingPercent": 0,
    "other": 0,
    "hasOther": false,
    "skipped": 0,
    "hasSkipped": false
  },
  "results": [
    {
      "uuid": "f0ad6849-cb6a-4379-8708-bbd2cb23c00b",
      "title": "",
      "fullFile": "cypress\\e2e\\navigateHeader.cy.js",
      "file": "cypress\\e2e\\navigateHeader.cy.js",
      "beforeHooks": [],
      "afterHooks": [],
      "tests": [],
      "suites": [
        {
          "uuid": "1b1ca829-b65d-44e8-b4f1-e42f51685ad6",
          "title": "Navigation through website headers",
          "fullFile": "",
          "file": "",
          "beforeHooks": [],
          "afterHooks": [],
          "tests": [
            {
              "title": "should display elements of the first header row",
              "fullTitle": "Navigation through website headers should display elements of the first header row",
              "timedOut": null,
              "duration": 9024,
              "state": "failed",
              "speed": null,
              "pass": false,
              "fail": true,
              "pending": false,
              "context": null,
              "code": "navigateHeaders.navigateToTheFirstHeaderNavAndElement();",
              "err": {
                "message": "AssertionError: Timed out retrying after 4000ms: expected '[ <p.mb-0.font-size-sm.mr-3>, 1 more... ]' to have text 'Select Country', but the text was 'Select CountrySelect Country'",
                "estack": "AssertionError: Timed out retrying after 4000ms: expected '[ <p.mb-0.font-size-sm.mr-3>, 1 more... ]' to have text 'Select Country', but the text was 'Select CountrySelect Country'\n    at NavigateHeaders.navigateToTheFirstHeaderNavAndElement (webpack:///./cypress/support/pageObjects/navigateHeader.js:9:65)\n    at Context.eval (webpack:///./cypress/e2e/navigateHeader.cy.js:13:24)",
                "diff": "- 'Select CountrySelect Country'\n+ 'Select Country'\n"
              },
              "uuid": "0fb7f284-7f4c-4f42-9855-5f69158ec80d",
              "parentUUID": "1b1ca829-b65d-44e8-b4f1-e42f51685ad6",
              "isHook": false,
              "skipped": false
            },
            {
              "title": "should display elements of the second header row",
              "fullTitle": "Navigation through website headers should display elements of the second header row",
              "timedOut": null,
              "duration": 11084,
              "state": "failed",
              "speed": null,
              "pass": false,
              "fail": true,
              "pending": false,
              "context": null,
              "code": "navigateHeaders.navigateToTheSecondHeaderNav();",
              "err": {
                "message": "AssertionError: Timed out retrying after 4000ms: expected '<li#menu-item-12092.menu-item.menu-item-type-post_type.menu-item-object-page.menu-item-home.current-menu-item.page_item.page-item-2.current_page_item.menu-item-12092>' to have text 'HOME', but the text was 'Home'",
                "estack": "AssertionError: Timed out retrying after 4000ms: expected '<li#menu-item-12092.menu-item.menu-item-type-post_type.menu-item-object-page.menu-item-home.current-menu-item.page_item.page-item-2.current_page_item.menu-item-12092>' to have text 'HOME', but the text was 'Home'\n    at NavigateHeaders.navigateToTheSecondHeaderNav (webpack:///./cypress/support/pageObjects/navigateHeader.js:18:59)\n    at Context.eval (webpack:///./cypress/e2e/navigateHeader.cy.js:17:24)",
                "diff": "- 'Home'\n+ 'HOME'\n"
              },
              "uuid": "325754c6-52c0-4a12-86e2-d778d7212476",
              "parentUUID": "1b1ca829-b65d-44e8-b4f1-e42f51685ad6",
              "isHook": false,
              "skipped": false
            }
          ],
          "suites": [],
          "passes": [],
          "failures": [
            "0fb7f284-7f4c-4f42-9855-5f69158ec80d",
            "325754c6-52c0-4a12-86e2-d778d7212476"
          ],
          "pending": [],
          "skipped": [],
          "duration": 20108,
          "root": false,
          "rootEmpty": false,
          "_timeout": 2000
        }
      ],
      "passes": [],
      "failures": [],
      "pending": [],
      "skipped": [],
      "duration": 0,
      "root": true,
      "rootEmpty": true,
      "_timeout": 2000
    }
  ],
  "meta": {
    "mocha": {
      "version": "7.0.1"
    },
    "mochawesome": {
      "options": {
        "quiet": false,
        "reportFilename": "mochawesome",
        "saveHtml": true,
        "saveJson": true,
        "consoleReporter": "spec",
        "useInlineDiffs": false,
        "code": true
      },
      "version": "7.1.3"
    },
    "marge": {
      "options": null,
      "version": "6.2.0"
    }
  }
}