{
  "stats": {
    "suites": 1,
    "tests": 1,
    "passes": 0,
    "pending": 0,
    "failures": 1,
    "start": "2024-03-27T20:52:08.948Z",
    "end": "2024-03-27T20:52:25.292Z",
    "duration": 16344,
    "testsRegistered": 1,
    "passPercent": 0,
    "pendingPercent": 0,
    "other": 0,
    "hasOther": false,
    "skipped": 0,
    "hasSkipped": false
  },
  "results": [
    {
      "uuid": "7108bc34-05d7-4506-8834-5f96778ae225",
      "title": "",
      "fullFile": "cypress\\e2e\\creditCard.cy.js",
      "file": "cypress\\e2e\\creditCard.cy.js",
      "beforeHooks": [],
      "afterHooks": [],
      "tests": [],
      "suites": [
        {
          "uuid": "2411843c-12ea-4bd8-bcf2-2508231ee63a",
          "title": "Navigate the website",
          "fullFile": "",
          "file": "",
          "beforeHooks": [],
          "afterHooks": [],
          "tests": [
            {
              "title": "User visit credit card section of the website and scroll down to credit card page and Click on im-visa-international-gold-card",
              "fullTitle": "Navigate the website User visit credit card section of the website and scroll down to credit card page and Click on im-visa-international-gold-card",
              "timedOut": null,
              "duration": 10610,
              "state": "failed",
              "speed": null,
              "pass": false,
              "fail": true,
              "pending": false,
              "context": null,
              "code": "creditCardMenu.creditCardMenuNavigation();",
              "err": {
                "message": "TypeError: creditCardMenu.creditCardMenuNavigation is not a function",
                "estack": "TypeError: creditCardMenu.creditCardMenuNavigation is not a function\n    at Context.eval (webpack:///./cypress/e2e/creditCard.cy.js:14:23)",
                "diff": null
              },
              "uuid": "20e8aa46-1c88-471a-9d64-e7ea2e79c38a",
              "parentUUID": "2411843c-12ea-4bd8-bcf2-2508231ee63a",
              "isHook": false,
              "skipped": false
            }
          ],
          "suites": [],
          "passes": [],
          "failures": [
            "20e8aa46-1c88-471a-9d64-e7ea2e79c38a"
          ],
          "pending": [],
          "skipped": [],
          "duration": 10610,
          "root": false,
          "rootEmpty": false,
          "_timeout": 2000
        }
      ],
      "passes": [],
      "failures": [],
      "pending": [],
      "skipped": [],
      "duration": 0,
      "root": true,
      "rootEmpty": true,
      "_timeout": 2000
    }
  ],
  "meta": {
    "mocha": {
      "version": "7.0.1"
    },
    "mochawesome": {
      "options": {
        "quiet": false,
        "reportFilename": "mochawesome",
        "saveHtml": true,
        "saveJson": true,
        "consoleReporter": "spec",
        "useInlineDiffs": false,
        "code": true
      },
      "version": "7.1.3"
    },
    "marge": {
      "options": null,
      "version": "6.2.0"
    }
  }
}